# JRE version: Java(TM) SE Runtime Environment (8.0_51-b16) (build 1.8.0_51-b16)
# Java VM: Java HotSpot(TM) 64-Bit Server VM (25.51-b03 mixed mode bsd-amd64 compressed oops)
Heap:
 PSYoungGen      total 528896K, used 3632K [0x000000076ab00000, 0x000000079f180000, 0x00000007c0000000)
  eden space 491008K, 0% used [0x000000076ab00000,0x000000076ae8c2f0,0x0000000788a80000)
  from space 37888K, 0% used [0x000000079a900000,0x000000079a900000,0x000000079ce00000)
  to   space 36352K, 0% used [0x000000079ce00000,0x000000079ce00000,0x000000079f180000)
 ParOldGen       total 372224K, used 57971K [0x00000006c0000000, 0x00000006d6b80000, 0x000000076ab00000)
  object space 372224K, 15% used [0x00000006c0000000,0x00000006c389cc90,0x00000006d6b80000)
 Metaspace       used 158040K, capacity 163017K, committed 164524K, reserved 1196032K
  class space    used 16714K, capacity 17655K, committed 17920K, reserved 1048576K
GC Heap History (10 events):
Event: 239.502 GC heap before
{Heap before GC invocations=88 (full 3):
 PSYoungGen      total 506368K, used 423491K [0x000000076ab00000, 0x00000007a1e00000, 0x00000007c0000000)
  eden space 497664K, 83% used [0x000000076ab00000,0x000000078406c6c0,0x0000000789100000)
  from space 8704K, 95% used [0x00000007a1580000,0x00000007a1da4650,0x00000007a1e00000)
  to   space 38912K, 0% used [0x000000079d200000,0x000000079d200000,0x000000079f800000)
 ParOldGen       total 175616K, used 123099K [0x00000006c0000000, 0x00000006cab80000, 0x000000076ab00000)
  object space 175616K, 70% used [0x00000006c0000000,0x00000006c7836c70,0x00000006cab80000)
 Metaspace       used 93127K, capacity 98498K, committed 98560K, reserved 1134592K
  class space    used 11565K, capacity 12648K, committed 12672K, reserved 1048576K
Event: 239.508 GC heap after
Heap after GC invocations=88 (full 3):
 PSYoungGen      total 488960K, used 9912K [0x000000076ab00000, 0x00000007a1600000, 0x00000007c0000000)
  eden space 478720K, 0% used [0x000000076ab00000,0x000000076ab00000,0x0000000787e80000)
  from space 10240K, 96% used [0x000000079d200000,0x000000079dbae2a0,0x000000079dc00000)
  to   space 37888K, 0% used [0x000000079f100000,0x000000079f100000,0x00000007a1600000)
 ParOldGen       total 175616K, used 123259K [0x00000006c0000000, 0x00000006cab80000, 0x000000076ab00000)
  object space 175616K, 70% used [0x00000006c0000000,0x00000006c785ec70,0x00000006cab80000)
 Metaspace       used 93127K, capacity 98498K, committed 98560K, reserved 1134592K
  class space    used 11565K, capacity 12648K, committed 12672K, reserved 1048576K
}
Event: 239.508 GC heap before
{Heap before GC invocations=89 (full 4):
 PSYoungGen      total 488960K, used 9912K [0x000000076ab00000, 0x00000007a1600000, 0x00000007c0000000)
  eden space 478720K, 0% used [0x000000076ab00000,0x000000076ab00000,0x0000000787e80000)
  from space 10240K, 96% used [0x000000079d200000,0x000000079dbae2a0,0x000000079dc00000)
  to   space 37888K, 0% used [0x000000079f100000,0x000000079f100000,0x00000007a1600000)
 ParOldGen       total 175616K, used 123259K [0x00000006c0000000, 0x00000006cab80000, 0x000000076ab00000)
  object space 175616K, 70% used [0x00000006c0000000,0x00000006c785ec70,0x00000006cab80000)
 Metaspace       used 93127K, capacity 98498K, committed 98560K, reserved 1134592K
  class space    used 11565K, capacity 12648K, committed 12672K, reserved 1048576K
Event: 239.693 GC heap after
Heap after GC invocations=89 (full 4):
 PSYoungGen      total 488960K, used 0K [0x000000076ab00000, 0x00000007a1600000, 0x00000007c0000000)
  eden space 478720K, 0% used [0x000000076ab00000,0x000000076ab00000,0x0000000787e80000)
  from space 10240K, 0% used [0x000000079d200000,0x000000079d200000,0x000000079dc00000)
  to   space 37888K, 0% used [0x000000079f100000,0x000000079f100000,0x00000007a1600000)
 ParOldGen       total 302080K, used 71797K [0x00000006c0000000, 0x00000006d2700000, 0x000000076ab00000)
  object space 302080K, 23% used [0x00000006c0000000,0x00000006c461d6f8,0x00000006d2700000)
 Metaspace       used 93127K, capacity 98498K, committed 98560K, reserved 1134592K
  class space    used 11565K, capacity 12648K, committed 12672K, reserved 1048576K
}
Event: 266.307 GC heap before
{Heap before GC invocations=90 (full 4):
 PSYoungGen      total 488960K, used 478720K [0x000000076ab00000, 0x00000007a1600000, 0x00000007c0000000)
  eden space 478720K, 100% used [0x000000076ab00000,0x0000000787e80000,0x0000000787e80000)
  from space 10240K, 0% used [0x000000079d200000,0x000000079d200000,0x000000079dc00000)
  to   space 37888K, 0% used [0x000000079f100000,0x000000079f100000,0x00000007a1600000)
 ParOldGen       total 302080K, used 71797K [0x00000006c0000000, 0x00000006d2700000, 0x000000076ab00000)
  object space 302080K, 23% used [0x00000006c0000000,0x00000006c461d6f8,0x00000006d2700000)
 Metaspace       used 110428K, capacity 116061K, committed 116352K, reserved 1150976K
  class space    used 13064K, capacity 14152K, committed 14208K, reserved 1048576K
Event: 266.316 GC heap after
Heap after GC invocations=90 (full 4):
 PSYoungGen      total 487424K, used 1664K [0x000000076ab00000, 0x000000079f300000, 0x00000007c0000000)
  eden space 485376K, 0% used [0x000000076ab00000,0x000000076ab00000,0x0000000788500000)
  from space 2048K, 81% used [0x000000079f100000,0x000000079f2a0060,0x000000079f300000)
  to   space 37888K, 0% used [0x000000079a900000,0x000000079a900000,0x000000079ce00000)
 ParOldGen       total 302080K, used 71797K [0x00000006c0000000, 0x00000006d2700000, 0x000000076ab00000)
  object space 302080K, 23% used [0x00000006c0000000,0x00000006c461d6f8,0x00000006d2700000)
 Metaspace       used 110428K, capacity 116061K, committed 116352K, reserved 1150976K
  class space    used 13064K, capacity 14152K, committed 14208K, reserved 1048576K
}
Event: 370.270 GC heap before
{Heap before GC invocations=91 (full 4):
 PSYoungGen      total 487424K, used 135688K [0x000000076ab00000, 0x000000079f300000, 0x00000007c0000000)
  eden space 485376K, 27% used [0x000000076ab00000,0x0000000772de2110,0x0000000788500000)
  from space 2048K, 81% used [0x000000079f100000,0x000000079f2a0060,0x000000079f300000)
  to   space 37888K, 0% used [0x000000079a900000,0x000000079a900000,0x000000079ce00000)
 ParOldGen       total 302080K, used 71797K [0x00000006c0000000, 0x00000006d2700000, 0x000000076ab00000)
  object space 302080K, 23% used [0x00000006c0000000,0x00000006c461d6f8,0x00000006d2700000)
 Metaspace       used 158433K, capacity 164091K, committed 164268K, reserved 1196032K
  class space    used 16860K, capacity 17920K, committed 17920K, reserved 1048576K
Event: 370.286 GC heap after
Heap after GC invocations=91 (full 4):
 PSYoungGen      total 528896K, used 10122K [0x000000076ab00000, 0x000000079f180000, 0x00000007c0000000)
  eden space 491008K, 0% used [0x000000076ab00000,0x000000076ab00000,0x0000000788a80000)
  from space 37888K, 26% used [0x000000079a900000,0x000000079b2e28e8,0x000000079ce00000)
  to   space 36352K, 0% used [0x000000079ce00000,0x000000079ce00000,0x000000079f180000)
 ParOldGen       total 302080K, used 71797K [0x00000006c0000000, 0x00000006d2700000, 0x000000076ab00000)
  object space 302080K, 23% used [0x00000006c0000000,0x00000006c461d6f8,0x00000006d2700000)
 Metaspace       used 158433K, capacity 164091K, committed 164268K, reserved 1196032K
  class space    used 16860K, capacity 17920K, committed 17920K, reserved 1048576K
}
Event: 370.286 GC heap before
{Heap before GC invocations=92 (full 5):
 PSYoungGen      total 528896K, used 10122K [0x000000076ab00000, 0x000000079f180000, 0x00000007c0000000)
  eden space 491008K, 0% used [0x000000076ab00000,0x000000076ab00000,0x0000000788a80000)
  from space 37888K, 26% used [0x000000079a900000,0x000000079b2e28e8,0x000000079ce00000)
  to   space 36352K, 0% used [0x000000079ce00000,0x000000079ce00000,0x000000079f180000)
 ParOldGen       total 302080K, used 71797K [0x00000006c0000000, 0x00000006d2700000, 0x000000076ab00000)
  object space 302080K, 23% used [0x00000006c0000000,0x00000006c461d6f8,0x00000006d2700000)
 Metaspace       used 158433K, capacity 164091K, committed 164268K, reserved 1196032K
  class space    used 16860K, capacity 17920K, committed 17920K, reserved 1048576K
Event: 370.479 GC heap after
Heap after GC invocations=92 (full 5):
 PSYoungGen      total 528896K, used 0K [0x000000076ab00000, 0x000000079f180000, 0x00000007c0000000)
  eden space 491008K, 0% used [0x000000076ab00000,0x000000076ab00000,0x0000000788a80000)
  from space 37888K, 0% used [0x000000079a900000,0x000000079a900000,0x000000079ce00000)
  to   space 36352K, 0% used [0x000000079ce00000,0x000000079ce00000,0x000000079f180000)
 ParOldGen       total 372224K, used 57971K [0x00000006c0000000, 0x00000006d6b80000, 0x000000076ab00000)
  object space 372224K, 15% used [0x00000006c0000000,0x00000006c389cc90,0x00000006d6b80000)
 Metaspace       used 158009K, capacity 162933K, committed 164268K, reserved 1196032K
  class space    used 16712K, capacity 17653K, committed 17920K, reserved 1048576K
}

