# JRE version: Java(TM) SE Runtime Environment (8.0_51-b16) (build 1.8.0_51-b16)
# Java VM: Java HotSpot(TM) 64-Bit Server VM (25.51-b03 mixed mode bsd-amd64 compressed oops)
Heap:
 PSYoungGen      total 105984K, used 78339K [0x000000076ab00000, 0x0000000774400000, 0x00000007c0000000)
  eden space 95232K, 73% used [0x000000076ab00000,0x000000076ef8e488,0x0000000770800000)
  from space 10752K, 75% used [0x0000000770800000,0x0000000770ff2a20,0x0000000771280000)
  to   space 10752K, 0% used [0x0000000773980000,0x0000000773980000,0x0000000774400000)
 ParOldGen       total 176128K, used 13693K [0x00000006c0000000, 0x00000006cac00000, 0x000000076ab00000)
  object space 176128K, 7% used [0x00000006c0000000,0x00000006c0d5f4d8,0x00000006cac00000)
 Metaspace       used 42355K, capacity 43562K, committed 43776K, reserved 1087488K
  class space    used 5472K, capacity 5837K, committed 5888K, reserved 1048576K
GC Heap History (10 events):
Event: 4.561 GC heap before
{Heap before GC invocations=5 (full 1):
 PSYoungGen      total 76288K, used 65536K [0x000000076ab00000, 0x0000000770000000, 0x00000007c0000000)
  eden space 65536K, 100% used [0x000000076ab00000,0x000000076eb00000,0x000000076eb00000)
  from space 10752K, 0% used [0x000000076eb00000,0x000000076eb00000,0x000000076f580000)
  to   space 10752K, 0% used [0x000000076f580000,0x000000076f580000,0x0000000770000000)
 ParOldGen       total 113152K, used 8839K [0x00000006c0000000, 0x00000006c6e80000, 0x000000076ab00000)
  object space 113152K, 7% used [0x00000006c0000000,0x00000006c08a1d88,0x00000006c6e80000)
 Metaspace       used 26835K, capacity 27594K, committed 27776K, reserved 1073152K
  class space    used 3375K, capacity 3642K, committed 3712K, reserved 1048576K
Event: 4.565 GC heap after
Heap after GC invocations=5 (full 1):
 PSYoungGen      total 76288K, used 6722K [0x000000076ab00000, 0x0000000771a80000, 0x00000007c0000000)
  eden space 65536K, 0% used [0x000000076ab00000,0x000000076ab00000,0x000000076eb00000)
  from space 10752K, 62% used [0x000000076f580000,0x000000076fc10860,0x0000000770000000)
  to   space 10752K, 0% used [0x000000076eb00000,0x000000076eb00000,0x000000076f580000)
 ParOldGen       total 113152K, used 8847K [0x00000006c0000000, 0x00000006c6e80000, 0x000000076ab00000)
  object space 113152K, 7% used [0x00000006c0000000,0x00000006c08a3d88,0x00000006c6e80000)
 Metaspace       used 26835K, capacity 27594K, committed 27776K, reserved 1073152K
  class space    used 3375K, capacity 3642K, committed 3712K, reserved 1048576K
}
Event: 5.152 GC heap before
{Heap before GC invocations=6 (full 1):
 PSYoungGen      total 76288K, used 72258K [0x000000076ab00000, 0x0000000771a80000, 0x00000007c0000000)
  eden space 65536K, 100% used [0x000000076ab00000,0x000000076eb00000,0x000000076eb00000)
  from space 10752K, 62% used [0x000000076f580000,0x000000076fc10860,0x0000000770000000)
  to   space 10752K, 0% used [0x000000076eb00000,0x000000076eb00000,0x000000076f580000)
 ParOldGen       total 113152K, used 8847K [0x00000006c0000000, 0x00000006c6e80000, 0x000000076ab00000)
  object space 113152K, 7% used [0x00000006c0000000,0x00000006c08a3d88,0x00000006c6e80000)
 Metaspace       used 32124K, capacity 33026K, committed 33280K, reserved 1079296K
  class space    used 4025K, capacity 4328K, committed 4352K, reserved 1048576K
Event: 5.158 GC heap after
Heap after GC invocations=6 (full 1):
 PSYoungGen      total 76288K, used 8282K [0x000000076ab00000, 0x0000000771d80000, 0x00000007c0000000)
  eden space 65536K, 0% used [0x000000076ab00000,0x000000076ab00000,0x000000076eb00000)
  from space 10752K, 77% used [0x000000076eb00000,0x000000076f316818,0x000000076f580000)
  to   space 11264K, 0% used [0x0000000771280000,0x0000000771280000,0x0000000771d80000)
 ParOldGen       total 113152K, used 8855K [0x00000006c0000000, 0x00000006c6e80000, 0x000000076ab00000)
  object space 113152K, 7% used [0x00000006c0000000,0x00000006c08a5d88,0x00000006c6e80000)
 Metaspace       used 32124K, capacity 33026K, committed 33280K, reserved 1079296K
  class space    used 4025K, capacity 4328K, committed 4352K, reserved 1048576K
}
Event: 5.365 GC heap before
{Heap before GC invocations=7 (full 1):
 PSYoungGen      total 76288K, used 33728K [0x000000076ab00000, 0x0000000771d80000, 0x00000007c0000000)
  eden space 65536K, 38% used [0x000000076ab00000,0x000000076c3d99b8,0x000000076eb00000)
  from space 10752K, 77% used [0x000000076eb00000,0x000000076f316818,0x000000076f580000)
  to   space 11264K, 0% used [0x0000000771280000,0x0000000771280000,0x0000000771d80000)
 ParOldGen       total 113152K, used 8855K [0x00000006c0000000, 0x00000006c6e80000, 0x000000076ab00000)
  object space 113152K, 7% used [0x00000006c0000000,0x00000006c08a5d88,0x00000006c6e80000)
 Metaspace       used 34386K, capacity 35248K, committed 35456K, reserved 1079296K
  class space    used 4331K, capacity 4619K, committed 4736K, reserved 1048576K
Event: 5.373 GC heap after
Heap after GC invocations=7 (full 1):
 PSYoungGen      total 106496K, used 7707K [0x000000076ab00000, 0x0000000772800000, 0x00000007c0000000)
  eden space 95232K, 0% used [0x000000076ab00000,0x000000076ab00000,0x0000000770800000)
  from space 11264K, 68% used [0x0000000771280000,0x0000000771a06e98,0x0000000771d80000)
  to   space 10752K, 0% used [0x0000000770800000,0x0000000770800000,0x0000000771280000)
 ParOldGen       total 113152K, used 8863K [0x00000006c0000000, 0x00000006c6e80000, 0x000000076ab00000)
  object space 113152K, 7% used [0x00000006c0000000,0x00000006c08a7d88,0x00000006c6e80000)
 Metaspace       used 34386K, capacity 35248K, committed 35456K, reserved 1079296K
  class space    used 4331K, capacity 4619K, committed 4736K, reserved 1048576K
}
Event: 5.373 GC heap before
{Heap before GC invocations=8 (full 2):
 PSYoungGen      total 106496K, used 7707K [0x000000076ab00000, 0x0000000772800000, 0x00000007c0000000)
  eden space 95232K, 0% used [0x000000076ab00000,0x000000076ab00000,0x0000000770800000)
  from space 11264K, 68% used [0x0000000771280000,0x0000000771a06e98,0x0000000771d80000)
  to   space 10752K, 0% used [0x0000000770800000,0x0000000770800000,0x0000000771280000)
 ParOldGen       total 113152K, used 8863K [0x00000006c0000000, 0x00000006c6e80000, 0x000000076ab00000)
  object space 113152K, 7% used [0x00000006c0000000,0x00000006c08a7d88,0x00000006c6e80000)
 Metaspace       used 34386K, capacity 35248K, committed 35456K, reserved 1079296K
  class space    used 4331K, capacity 4619K, committed 4736K, reserved 1048576K
Event: 5.415 GC heap after
Heap after GC invocations=8 (full 2):
 PSYoungGen      total 106496K, used 0K [0x000000076ab00000, 0x0000000772800000, 0x00000007c0000000)
  eden space 95232K, 0% used [0x000000076ab00000,0x000000076ab00000,0x0000000770800000)
  from space 11264K, 0% used [0x0000000771280000,0x0000000771280000,0x0000000771d80000)
  to   space 10752K, 0% used [0x0000000770800000,0x0000000770800000,0x0000000771280000)
 ParOldGen       total 176128K, used 13685K [0x00000006c0000000, 0x00000006cac00000, 0x000000076ab00000)
  object space 176128K, 7% used [0x00000006c0000000,0x00000006c0d5d4d8,0x00000006cac00000)
 Metaspace       used 34386K, capacity 35248K, committed 35456K, reserved 1079296K
  class space    used 4331K, capacity 4619K, committed 4736K, reserved 1048576K
}
Event: 6.202 GC heap before
{Heap before GC invocations=9 (full 2):
 PSYoungGen      total 106496K, used 95232K [0x000000076ab00000, 0x0000000772800000, 0x00000007c0000000)
  eden space 95232K, 100% used [0x000000076ab00000,0x0000000770800000,0x0000000770800000)
  from space 11264K, 0% used [0x0000000771280000,0x0000000771280000,0x0000000771d80000)
  to   space 10752K, 0% used [0x0000000770800000,0x0000000770800000,0x0000000771280000)
 ParOldGen       total 176128K, used 13685K [0x00000006c0000000, 0x00000006cac00000, 0x000000076ab00000)
  object space 176128K, 7% used [0x00000006c0000000,0x00000006c0d5d4d8,0x00000006cac00000)
 Metaspace       used 38887K, capacity 39910K, committed 40192K, reserved 1083392K
  class space    used 4980K, capacity 5286K, committed 5376K, reserved 1048576K
Event: 6.210 GC heap after
Heap after GC invocations=9 (full 2):
 PSYoungGen      total 105984K, used 8138K [0x000000076ab00000, 0x0000000774400000, 0x00000007c0000000)
  eden space 95232K, 0% used [0x000000076ab00000,0x000000076ab00000,0x0000000770800000)
  from space 10752K, 75% used [0x0000000770800000,0x0000000770ff2a20,0x0000000771280000)
  to   space 10752K, 0% used [0x0000000773980000,0x0000000773980000,0x0000000774400000)
 ParOldGen       total 176128K, used 13693K [0x00000006c0000000, 0x00000006cac00000, 0x000000076ab00000)
  object space 176128K, 7% used [0x00000006c0000000,0x00000006c0d5f4d8,0x00000006cac00000)
 Metaspace       used 38887K, capacity 39910K, committed 40192K, reserved 1083392K
  class space    used 4980K, capacity 5286K, committed 5376K, reserved 1048576K
}

